{"meta": {"format": 3, "version": "7.13.0", "timestamp": "2025-12-28T06:32:15.806725", "branch_coverage": false, "show_contexts": false}, "files": {"py/cuda_solver.py": {"executed_lines": [], "summary": {"covered_lines": 0, "num_statements": 337, "percent_covered": 0.0, "percent_covered_display": "0.00", "missing_lines": 337, "excluded_lines": 0, "percent_statements_covered": 0.0, "percent_statements_covered_display": "0.00"}, "missing_lines": [1, 2, 4, 7, 8, 9, 10, 14, 17, 23, 24, 26, 28, 29, 30, 31, 32, 33, 34, 35, 36, 38, 41, 53, 54, 55, 56, 58, 60, 61, 62, 63, 64, 65, 70, 71, 72, 75, 76, 77, 78, 80, 81, 82, 83, 84, 86, 87, 88, 89, 90, 91, 93, 94, 95, 96, 97, 98, 100, 101, 102, 103, 105, 106, 107, 108, 109, 110, 111, 113, 116, 121, 122, 123, 124, 126, 127, 129, 130, 132, 134, 135, 136, 137, 138, 139, 142, 143, 153, 154, 155, 157, 158, 159, 161, 162, 163, 164, 165, 167, 168, 169, 170, 171, 173, 176, 177, 188, 189, 190, 192, 193, 194, 195, 197, 198, 199, 200, 201, 203, 204, 205, 206, 207, 209, 212, 213, 225, 226, 227, 229, 230, 231, 232, 234, 235, 236, 237, 238, 239, 240, 241, 243, 244, 247, 248, 260, 261, 262, 264, 265, 266, 268, 269, 270, 271, 272, 273, 275, 276, 277, 278, 279, 281, 282, 284, 285, 288, 294, 295, 296, 297, 298, 299, 300, 301, 302, 303, 305, 306, 307, 308, 309, 310, 314, 315, 316, 317, 318, 320, 322, 323, 324, 325, 328, 331, 333, 335, 336, 337, 338, 339, 340, 341, 342, 344, 346, 347, 348, 349, 350, 351, 353, 356, 357, 358, 359, 361, 363, 364, 367, 368, 369, 370, 371, 372, 375, 376, 378, 379, 380, 381, 382, 383, 384, 385, 386, 387, 388, 389, 390, 391, 392, 393, 394, 395, 396, 398, 400, 401, 402, 403, 405, 406, 409, 410, 413, 414, 417, 418, 419, 421, 422, 424, 425, 428, 429, 430, 432, 433, 434, 435, 437, 438, 439, 440, 441, 442, 443, 445, 447, 448, 449, 450, 451, 455, 457, 458, 459, 460, 461, 462, 464, 465, 466, 468, 470, 471, 472, 473, 476, 477, 478, 480, 481, 484, 485, 487, 498, 500, 501, 502, 503, 504, 507, 508, 509, 510, 511, 514, 515, 517, 518, 519, 521, 522, 523, 524, 525, 526, 528, 529, 536, 537, 538, 539, 540], "excluded_lines": [], "functions": {"_board_to_bitmask": {"executed_lines": [], "summary": {"covered_lines": 0, "num_statements": 13, "percent_covered": 0.0, "percent_covered_display": "0.00", "missing_lines": 13, "excluded_lines": 0, "percent_statements_covered": 0.0, "percent_statements_covered_display": "0.00"}, "missing_lines": [23, 24, 26, 28, 29, 30, 31, 32, 33, 34, 35, 36, 38], "excluded_lines": []}, "_encode_candidates": {"executed_lines": [], "summary": {"covered_lines": 0, "num_statements": 47, "percent_covered": 0.0, "percent_covered_display": "0.00", "missing_lines": 47, "excluded_lines": 0, "percent_statements_covered": 0.0, "percent_statements_covered_display": "0.00"}, "missing_lines": [53, 54, 55, 56, 58, 60, 61, 62, 63, 64, 65, 70, 71, 72, 75, 76, 77, 78, 80, 81, 82, 83, 84, 86, 87, 88, 89, 90, 91, 93, 94, 95, 96, 97, 98, 100, 101, 102, 103, 105, 106, 107, 108, 109, 110, 111, 113], "excluded_lines": []}, "PlacementPiece.__init__": {"executed_lines": [], "summary": {"covered_lines": 0, "num_statements": 3, "percent_covered": 0.0, "percent_covered_display": "0.00", "missing_lines": 3, "excluded_lines": 0, "percent_statements_covered": 0.0, "percent_statements_covered_display": "0.00"}, "missing_lines": [122, 123, 124], "excluded_lines": []}, "PlacementPiece.setOrigin": {"executed_lines": [], "summary": {"covered_lines": 0, "num_statements": 1, "percent_covered": 0.0, "percent_covered_display": "0.00", "missing_lines": 1, "excluded_lines": 0, "percent_statements_covered": 0.0, "percent_statements_covered_display": "0.00"}, "missing_lines": [127], "excluded_lines": []}, "PlacementPiece.__len__": {"executed_lines": [], "summary": {"covered_lines": 0, "num_statements": 1, "percent_covered": 0.0, "percent_covered_display": "0.00", "missing_lines": 1, "excluded_lines": 0, "percent_statements_covered": 0.0, "percent_statements_covered_display": "0.00"}, "missing_lines": [130], "excluded_lines": []}, "PlacementPiece.__getitem__": {"executed_lines": [], "summary": {"covered_lines": 0, "num_statements": 6, "percent_covered": 0.0, "percent_covered_display": "0.00", "missing_lines": 6, "excluded_lines": 0, "percent_statements_covered": 0.0, "percent_statements_covered_display": "0.00"}, "missing_lines": [134, 135, 136, 137, 138, 139], "excluded_lines": []}, "_kernel_check_candidates": {"executed_lines": [], "summary": {"covered_lines": 0, "num_statements": 17, "percent_covered": 0.0, "percent_covered_display": "0.00", "missing_lines": 17, "excluded_lines": 0, "percent_statements_covered": 0.0, "percent_statements_covered_display": "0.00"}, "missing_lines": [153, 154, 155, 157, 158, 159, 161, 162, 163, 164, 165, 167, 168, 169, 170, 171, 173], "excluded_lines": []}, "_kernel_check_candidates_preloaded": {"executed_lines": [], "summary": {"covered_lines": 0, "num_statements": 18, "percent_covered": 0.0, "percent_covered_display": "0.00", "missing_lines": 18, "excluded_lines": 0, "percent_statements_covered": 0.0, "percent_statements_covered_display": "0.00"}, "missing_lines": [188, 189, 190, 192, 193, 194, 195, 197, 198, 199, 200, 201, 203, 204, 205, 206, 207, 209], "excluded_lines": []}, "_kernel_check_candidates_preloaded_compact_out": {"executed_lines": [], "summary": {"covered_lines": 0, "num_statements": 17, "percent_covered": 0.0, "percent_covered_display": "0.00", "missing_lines": 17, "excluded_lines": 0, "percent_statements_covered": 0.0, "percent_statements_covered_display": "0.00"}, "missing_lines": [225, 226, 227, 229, 230, 231, 232, 234, 235, 236, 237, 238, 239, 240, 241, 243, 244], "excluded_lines": []}, "_kernel_check_candidates_preloaded_old": {"executed_lines": [], "summary": {"covered_lines": 0, "num_statements": 21, "percent_covered": 0.0, "percent_covered_display": "0.00", "missing_lines": 21, "excluded_lines": 0, "percent_statements_covered": 0.0, "percent_statements_covered_display": "0.00"}, "missing_lines": [260, 261, 262, 264, 265, 266, 268, 269, 270, 271, 272, 273, 275, 276, 277, 278, 279, 281, 282, 284, 285], "excluded_lines": []}, "PuzzleSolver.__init__": {"executed_lines": [], "summary": {"covered_lines": 0, "num_statements": 27, "percent_covered": 0.0, "percent_covered_display": "0.00", "missing_lines": 27, "excluded_lines": 0, "percent_statements_covered": 0.0, "percent_statements_covered_display": "0.00"}, "missing_lines": [295, 296, 297, 298, 299, 300, 301, 302, 303, 305, 306, 307, 308, 309, 310, 314, 315, 316, 317, 318, 320, 322, 323, 324, 325, 328, 331], "excluded_lines": []}, "PuzzleSolver._ensure_buffers": {"executed_lines": [], "summary": {"covered_lines": 0, "num_statements": 8, "percent_covered": 0.0, "percent_covered_display": "0.00", "missing_lines": 8, "excluded_lines": 0, "percent_statements_covered": 0.0, "percent_statements_covered_display": "0.00"}, "missing_lines": [335, 336, 337, 338, 339, 340, 341, 342], "excluded_lines": []}, "PuzzleSolver._ensure_host_buffers": {"executed_lines": [], "summary": {"covered_lines": 0, "num_statements": 6, "percent_covered": 0.0, "percent_covered_display": "0.00", "missing_lines": 6, "excluded_lines": 0, "percent_statements_covered": 0.0, "percent_statements_covered_display": "0.00"}, "missing_lines": [346, 347, 348, 349, 350, 351], "excluded_lines": []}, "PuzzleSolver._preload_all_candidates": {"executed_lines": [], "summary": {"covered_lines": 0, "num_statements": 59, "percent_covered": 0.0, "percent_covered_display": "0.00", "missing_lines": 59, "excluded_lines": 0, "percent_statements_covered": 0.0, "percent_statements_covered_display": "0.00"}, "missing_lines": [356, 357, 358, 359, 361, 363, 364, 367, 368, 369, 370, 371, 372, 375, 376, 378, 379, 380, 381, 382, 383, 384, 385, 386, 387, 388, 389, 390, 391, 392, 393, 394, 395, 396, 398, 400, 401, 402, 403, 405, 406, 409, 410, 413, 414, 417, 418, 419, 421, 422, 424, 425, 428, 429, 430, 432, 433, 434, 435], "excluded_lines": []}, "PuzzleSolver.solve": {"executed_lines": [], "summary": {"covered_lines": 0, "num_statements": 6, "percent_covered": 0.0, "percent_covered_display": "0.00", "missing_lines": 6, "excluded_lines": 0, "percent_statements_covered": 0.0, "percent_statements_covered_display": "0.00"}, "missing_lines": [438, 439, 440, 441, 442, 443], "excluded_lines": []}, "PuzzleSolver._solve": {"executed_lines": [], "summary": {"covered_lines": 0, "num_statements": 57, "percent_covered": 0.0, "percent_covered_display": "0.00", "missing_lines": 57, "excluded_lines": 0, "percent_statements_covered": 0.0, "percent_statements_covered_display": "0.00"}, "missing_lines": [447, 448, 449, 450, 451, 455, 457, 458, 459, 460, 461, 462, 464, 465, 466, 468, 470, 471, 472, 473, 476, 477, 478, 480, 481, 484, 485, 487, 498, 500, 501, 502, 503, 504, 507, 508, 509, 510, 511, 514, 515, 517, 518, 519, 521, 522, 523, 524, 525, 526, 528, 529, 536, 537, 538, 539, 540], "excluded_lines": []}, "": {"executed_lines": [], "summary": {"covered_lines": 0, "num_statements": 30, "percent_covered": 0.0, "percent_covered_display": "0.00", "missing_lines": 30, "excluded_lines": 0, "percent_statements_covered": 0.0, "percent_statements_covered_display": "0.00"}, "missing_lines": [1, 2, 4, 7, 8, 9, 10, 14, 17, 41, 116, 121, 126, 129, 132, 142, 143, 176, 177, 212, 213, 247, 248, 288, 294, 333, 344, 353, 437, 445], "excluded_lines": []}}, "classes": {"PlacementPiece": {"executed_lines": [], "summary": {"covered_lines": 0, "num_statements": 11, "percent_covered": 0.0, "percent_covered_display": "0.00", "missing_lines": 11, "excluded_lines": 0, "percent_statements_covered": 0.0, "percent_statements_covered_display": "0.00"}, "missing_lines": [122, 123, 124, 127, 130, 134, 135, 136, 137, 138, 139], "excluded_lines": []}, "PuzzleSolver": {"executed_lines": [], "summary": {"covered_lines": 0, "num_statements": 163, "percent_covered": 0.0, "percent_covered_display": "0.00", "missing_lines": 163, "excluded_lines": 0, "percent_statements_covered": 0.0, "percent_statements_covered_display": "0.00"}, "missing_lines": [295, 296, 297, 298, 299, 300, 301, 302, 303, 305, 306, 307, 308, 309, 310, 314, 315, 316, 317, 318, 320, 322, 323, 324, 325, 328, 331, 335, 336, 337, 338, 339, 340, 341, 342, 346, 347, 348, 349, 350, 351, 356, 357, 358, 359, 361, 363, 364, 367, 368, 369, 370, 371, 372, 375, 376, 378, 379, 380, 381, 382, 383, 384, 385, 386, 387, 388, 389, 390, 391, 392, 393, 394, 395, 396, 398, 400, 401, 402, 403, 405, 406, 409, 410, 413, 414, 417, 418, 419, 421, 422, 424, 425, 428, 429, 430, 432, 433, 434, 435, 438, 439, 440, 441, 442, 443, 447, 448, 449, 450, 451, 455, 457, 458, 459, 460, 461, 462, 464, 465, 466, 468, 470, 471, 472, 473, 476, 477, 478, 480, 481, 484, 485, 487, 498, 500, 501, 502, 503, 504, 507, 508, 509, 510, 511, 514, 515, 517, 518, 519, 521, 522, 523, 524, 525, 526, 528, 529, 536, 537, 538, 539, 540], "excluded_lines": []}, "": {"executed_lines": [], "summary": {"covered_lines": 0, "num_statements": 163, "percent_covered": 0.0, "percent_covered_display": "0.00", "missing_lines": 163, "excluded_lines": 0, "percent_statements_covered": 0.0, "percent_statements_covered_display": "0.00"}, "missing_lines": [1, 2, 4, 7, 8, 9, 10, 14, 17, 23, 24, 26, 28, 29, 30, 31, 32, 33, 34, 35, 36, 38, 41, 53, 54, 55, 56, 58, 60, 61, 62, 63, 64, 65, 70, 71, 72, 75, 76, 77, 78, 80, 81, 82, 83, 84, 86, 87, 88, 89, 90, 91, 93, 94, 95, 96, 97, 98, 100, 101, 102, 103, 105, 106, 107, 108, 109, 110, 111, 113, 116, 121, 126, 129, 132, 142, 143, 153, 154, 155, 157, 158, 159, 161, 162, 163, 164, 165, 167, 168, 169, 170, 171, 173, 176, 177, 188, 189, 190, 192, 193, 194, 195, 197, 198, 199, 200, 201, 203, 204, 205, 206, 207, 209, 212, 213, 225, 226, 227, 229, 230, 231, 232, 234, 235, 236, 237, 238, 239, 240, 241, 243, 244, 247, 248, 260, 261, 262, 264, 265, 266, 268, 269, 270, 271, 272, 273, 275, 276, 277, 278, 279, 281, 282, 284, 285, 288, 294, 333, 344, 353, 437, 445], "excluded_lines": []}}}, "py/dragonFjordDailyCalendarSolver.py": {"executed_lines": [], "summary": {"covered_lines": 0, "num_statements": 32, "percent_covered": 0.0, "percent_covered_display": "0.00", "missing_lines": 32, "excluded_lines": 35, "percent_statements_covered": 0.0, "percent_statements_covered_display": "0.00"}, "missing_lines": [1, 2, 3, 4, 7, 8, 23, 24, 25, 26, 27, 30, 31, 35, 39, 43, 48, 52, 56, 60, 64, 67, 74, 75, 76, 78, 79, 80, 81, 82, 85, 86], "excluded_lines": [89, 91, 94, 99, 104, 106, 109, 110, 111, 112, 114, 118, 119, 120, 121, 122, 123, 124, 125, 126, 127, 129, 130, 131, 132, 133, 134, 135, 136, 138, 139, 140, 141, 144, 149], "functions": {"GenerateBoard": {"executed_lines": [], "summary": {"covered_lines": 0, "num_statements": 6, "percent_covered": 0.0, "percent_covered_display": "0.00", "missing_lines": 6, "excluded_lines": 0, "percent_statements_covered": 0.0, "percent_statements_covered_display": "0.00"}, "missing_lines": [8, 23, 24, 25, 26, 27], "excluded_lines": []}, "CreatePieces": {"executed_lines": [], "summary": {"covered_lines": 0, "num_statements": 9, "percent_covered": 0.0, "percent_covered_display": "0.00", "missing_lines": 9, "excluded_lines": 0, "percent_statements_covered": 0.0, "percent_statements_covered_display": "0.00"}, "missing_lines": [31, 35, 39, 43, 48, 52, 56, 60, 64], "excluded_lines": []}, "PrintPieces": {"executed_lines": [], "summary": {"covered_lines": 0, "num_statements": 10, "percent_covered": 0.0, "percent_covered_display": "0.00", "missing_lines": 10, "excluded_lines": 0, "percent_statements_covered": 0.0, "percent_statements_covered_display": "0.00"}, "missing_lines": [74, 75, 76, 78, 79, 80, 81, 82, 85, 86], "excluded_lines": []}, "": {"executed_lines": [], "summary": {"covered_lines": 0, "num_statements": 7, "percent_covered": 0.0, "percent_covered_display": "0.00", "missing_lines": 7, "excluded_lines": 35, "percent_statements_covered": 0.0, "percent_statements_covered_display": "0.00"}, "missing_lines": [1, 2, 3, 4, 7, 30, 67], "excluded_lines": [89, 91, 94, 99, 104, 106, 109, 110, 111, 112, 114, 118, 119, 120, 121, 122, 123, 124, 125, 126, 127, 129, 130, 131, 132, 133, 134, 135, 136, 138, 139, 140, 141, 144, 149]}}, "classes": {"": {"executed_lines": [], "summary": {"covered_lines": 0, "num_statements": 32, "percent_covered": 0.0, "percent_covered_display": "0.00", "missing_lines": 32, "excluded_lines": 35, "percent_statements_covered": 0.0, "percent_statements_covered_display": "0.00"}, "missing_lines": [1, 2, 3, 4, 7, 8, 23, 24, 25, 26, 27, 30, 31, 35, 39, 43, 48, 52, 56, 60, 64, 67, 74, 75, 76, 78, 79, 80, 81, 82, 85, 86], "excluded_lines": [89, 91, 94, 99, 104, 106, 109, 110, 111, 112, 114, 118, 119, 120, 121, 122, 123, 124, 125, 126, 127, 129, 130, 131, 132, 133, 134, 135, 136, 138, 139, 140, 141, 144, 149]}}}, "py/hemapuzzleSolver.py": {"executed_lines": [], "summary": {"covered_lines": 0, "num_statements": 18, "percent_covered": 0.0, "percent_covered_display": "0.00", "missing_lines": 18, "excluded_lines": 6, "percent_statements_covered": 0.0, "percent_statements_covered_display": "0.00"}, "missing_lines": [1, 2, 4, 5, 21, 23, 24, 25, 26, 27, 28, 29, 30, 31, 32, 33, 34, 35], "excluded_lines": [37, 38, 39, 40, 41, 42], "functions": {"GenerateHemaBoard": {"executed_lines": [], "summary": {"covered_lines": 0, "num_statements": 2, "percent_covered": 0.0, "percent_covered_display": "0.00", "missing_lines": 2, "excluded_lines": 0, "percent_statements_covered": 0.0, "percent_statements_covered_display": "0.00"}, "missing_lines": [5, 21], "excluded_lines": []}, "CreateHemaPieces": {"executed_lines": [], "summary": {"covered_lines": 0, "num_statements": 12, "percent_covered": 0.0, "percent_covered_display": "0.00", "missing_lines": 12, "excluded_lines": 0, "percent_statements_covered": 0.0, "percent_statements_covered_display": "0.00"}, "missing_lines": [24, 25, 26, 27, 28, 29, 30, 31, 32, 33, 34, 35], "excluded_lines": []}, "": {"executed_lines": [], "summary": {"covered_lines": 0, "num_statements": 4, "percent_covered": 0.0, "percent_covered_display": "0.00", "missing_lines": 4, "excluded_lines": 6, "percent_statements_covered": 0.0, "percent_statements_covered_display": "0.00"}, "missing_lines": [1, 2, 4, 23], "excluded_lines": [37, 38, 39, 40, 41, 42]}}, "classes": {"": {"executed_lines": [], "summary": {"covered_lines": 0, "num_statements": 18, "percent_covered": 0.0, "percent_covered_display": "0.00", "missing_lines": 18, "excluded_lines": 6, "percent_statements_covered": 0.0, "percent_statements_covered_display": "0.00"}, "missing_lines": [1, 2, 4, 5, 21, 23, 24, 25, 26, 27, 28, 29, 30, 31, 32, 33, 34, 35], "excluded_lines": [37, 38, 39, 40, 41, 42]}}}, "py/jarringWordsDailyCalendarSolver.py": {"executed_lines": [], "summary": {"covered_lines": 0, "num_statements": 20, "percent_covered": 0.0, "percent_covered_display": "0.00", "missing_lines": 20, "excluded_lines": 18, "percent_statements_covered": 0.0, "percent_statements_covered_display": "0.00"}, "missing_lines": [1, 2, 3, 6, 7, 22, 23, 24, 25, 26, 29, 30, 34, 37, 40, 43, 46, 49, 52, 55], "excluded_lines": [58, 59, 62, 63, 64, 65, 66, 67, 68, 69, 70, 71, 72, 73, 74, 75, 76, 79], "functions": {"GenerateBoard": {"executed_lines": [], "summary": {"covered_lines": 0, "num_statements": 6, "percent_covered": 0.0, "percent_covered_display": "0.00", "missing_lines": 6, "excluded_lines": 0, "percent_statements_covered": 0.0, "percent_statements_covered_display": "0.00"}, "missing_lines": [7, 22, 23, 24, 25, 26], "excluded_lines": []}, "CreatePieces": {"executed_lines": [], "summary": {"covered_lines": 0, "num_statements": 9, "percent_covered": 0.0, "percent_covered_display": "0.00", "missing_lines": 9, "excluded_lines": 0, "percent_statements_covered": 0.0, "percent_statements_covered_display": "0.00"}, "missing_lines": [30, 34, 37, 40, 43, 46, 49, 52, 55], "excluded_lines": []}, "": {"executed_lines": [], "summary": {"covered_lines": 0, "num_statements": 5, "percent_covered": 0.0, "percent_covered_display": "0.00", "missing_lines": 5, "excluded_lines": 18, "percent_statements_covered": 0.0, "percent_statements_covered_display": "0.00"}, "missing_lines": [1, 2, 3, 6, 29], "excluded_lines": [58, 59, 62, 63, 64, 65, 66, 67, 68, 69, 70, 71, 72, 73, 74, 75, 76, 79]}}, "classes": {"": {"executed_lines": [], "summary": {"covered_lines": 0, "num_statements": 20, "percent_covered": 0.0, "percent_covered_display": "0.00", "missing_lines": 20, "excluded_lines": 18, "percent_statements_covered": 0.0, "percent_statements_covered_display": "0.00"}, "missing_lines": [1, 2, 3, 6, 7, 22, 23, 24, 25, 26, 29, 30, 34, 37, 40, 43, 46, 49, 52, 55], "excluded_lines": [58, 59, 62, 63, 64, 65, 66, 67, 68, 69, 70, 71, 72, 73, 74, 75, 76, 79]}}}, "py/multithreadssolver.py": {"executed_lines": [], "summary": {"covered_lines": 0, "num_statements": 104, "percent_covered": 0.0, "percent_covered_display": "0.00", "missing_lines": 104, "excluded_lines": 0, "percent_statements_covered": 0.0, "percent_statements_covered_display": "0.00"}, "missing_lines": [1, 2, 3, 4, 7, 22, 23, 24, 25, 26, 27, 28, 29, 34, 35, 36, 37, 38, 39, 40, 41, 42, 43, 44, 45, 61, 62, 67, 68, 69, 70, 71, 72, 73, 76, 77, 78, 79, 80, 81, 82, 83, 84, 85, 90, 91, 92, 93, 94, 95, 96, 97, 98, 99, 100, 101, 102, 103, 118, 121, 128, 148, 149, 150, 151, 152, 153, 154, 156, 157, 158, 159, 160, 161, 162, 163, 177, 178, 179, 180, 181, 182, 183, 184, 185, 186, 187, 188, 189, 190, 191, 192, 193, 194, 195, 196, 197, 198, 199, 200, 201, 202, 203, 204], "excluded_lines": [], "functions": {"recursiveSolve": {"executed_lines": [], "summary": {"covered_lines": 0, "num_statements": 29, "percent_covered": 0.0, "percent_covered_display": "0.00", "missing_lines": 29, "excluded_lines": 0, "percent_statements_covered": 0.0, "percent_statements_covered_display": "0.00"}, "missing_lines": [22, 23, 24, 25, 26, 27, 28, 29, 34, 35, 36, 37, 38, 39, 40, 41, 42, 43, 44, 45, 61, 62, 67, 68, 69, 70, 71, 72, 73], "excluded_lines": []}, "pieceSolve": {"executed_lines": [], "summary": {"covered_lines": 0, "num_statements": 25, "percent_covered": 0.0, "percent_covered_display": "0.00", "missing_lines": 25, "excluded_lines": 0, "percent_statements_covered": 0.0, "percent_statements_covered_display": "0.00"}, "missing_lines": [77, 78, 79, 80, 81, 82, 83, 84, 85, 90, 91, 92, 93, 94, 95, 96, 97, 98, 99, 100, 101, 102, 103, 118, 121], "excluded_lines": []}, "MultiThreadPuzzleSolver.__init__": {"executed_lines": [], "summary": {"covered_lines": 0, "num_statements": 6, "percent_covered": 0.0, "percent_covered_display": "0.00", "missing_lines": 6, "excluded_lines": 0, "percent_statements_covered": 0.0, "percent_statements_covered_display": "0.00"}, "missing_lines": [149, 150, 151, 152, 153, 154], "excluded_lines": []}, "MultiThreadPuzzleSolver.solve": {"executed_lines": [], "summary": {"covered_lines": 0, "num_statements": 35, "percent_covered": 0.0, "percent_covered_display": "0.00", "missing_lines": 35, "excluded_lines": 0, "percent_statements_covered": 0.0, "percent_statements_covered_display": "0.00"}, "missing_lines": [157, 158, 159, 160, 161, 162, 163, 177, 178, 179, 180, 181, 182, 183, 184, 185, 186, 187, 188, 189, 190, 191, 192, 193, 194, 195, 196, 197, 198, 199, 200, 201, 202, 203, 204], "excluded_lines": []}, "": {"executed_lines": [], "summary": {"covered_lines": 0, "num_statements": 9, "percent_covered": 0.0, "percent_covered_display": "0.00", "missing_lines": 9, "excluded_lines": 0, "percent_statements_covered": 0.0, "percent_statements_covered_display": "0.00"}, "missing_lines": [1, 2, 3, 4, 7, 76, 128, 148, 156], "excluded_lines": []}}, "classes": {"MultiThreadPuzzleSolver": {"executed_lines": [], "summary": {"covered_lines": 0, "num_statements": 41, "percent_covered": 0.0, "percent_covered_display": "0.00", "missing_lines": 41, "excluded_lines": 0, "percent_statements_covered": 0.0, "percent_statements_covered_display": "0.00"}, "missing_lines": [149, 150, 151, 152, 153, 154, 157, 158, 159, 160, 161, 162, 163, 177, 178, 179, 180, 181, 182, 183, 184, 185, 186, 187, 188, 189, 190, 191, 192, 193, 194, 195, 196, 197, 198, 199, 200, 201, 202, 203, 204], "excluded_lines": []}, "": {"executed_lines": [], "summary": {"covered_lines": 0, "num_statements": 63, "percent_covered": 0.0, "percent_covered_display": "0.00", "missing_lines": 63, "excluded_lines": 0, "percent_statements_covered": 0.0, "percent_statements_covered_display": "0.00"}, "missing_lines": [1, 2, 3, 4, 7, 22, 23, 24, 25, 26, 27, 28, 29, 34, 35, 36, 37, 38, 39, 40, 41, 42, 43, 44, 45, 61, 62, 67, 68, 69, 70, 71, 72, 73, 76, 77, 78, 79, 80, 81, 82, 83, 84, 85, 90, 91, 92, 93, 94, 95, 96, 97, 98, 99, 100, 101, 102, 103, 118, 121, 128, 148, 156], "excluded_lines": []}}}, "py/poodlepuzzleDailyCalendarSolver.py": {"executed_lines": [], "summary": {"covered_lines": 0, "num_statements": 26, "percent_covered": 0.0, "percent_covered_display": "0.00", "missing_lines": 26, "excluded_lines": 18, "percent_statements_covered": 0.0, "percent_statements_covered_display": "0.00"}, "missing_lines": [1, 2, 3, 6, 7, 23, 24, 25, 26, 27, 28, 29, 31, 32, 35, 36, 39, 42, 45, 48, 51, 54, 57, 60, 63, 66], "excluded_lines": [69, 70, 73, 74, 75, 76, 77, 78, 79, 80, 81, 82, 83, 84, 85, 86, 87, 90], "functions": {"GenerateBoard": {"executed_lines": [], "summary": {"covered_lines": 0, "num_statements": 10, "percent_covered": 0.0, "percent_covered_display": "0.00", "missing_lines": 10, "excluded_lines": 0, "percent_statements_covered": 0.0, "percent_statements_covered_display": "0.00"}, "missing_lines": [7, 23, 24, 25, 26, 27, 28, 29, 31, 32], "excluded_lines": []}, "CreatePieces": {"executed_lines": [], "summary": {"covered_lines": 0, "num_statements": 11, "percent_covered": 0.0, "percent_covered_display": "0.00", "missing_lines": 11, "excluded_lines": 0, "percent_statements_covered": 0.0, "percent_statements_covered_display": "0.00"}, "missing_lines": [36, 39, 42, 45, 48, 51, 54, 57, 60, 63, 66], "excluded_lines": []}, "": {"executed_lines": [], "summary": {"covered_lines": 0, "num_statements": 5, "percent_covered": 0.0, "percent_covered_display": "0.00", "missing_lines": 5, "excluded_lines": 18, "percent_statements_covered": 0.0, "percent_statements_covered_display": "0.00"}, "missing_lines": [1, 2, 3, 6, 35], "excluded_lines": [69, 70, 73, 74, 75, 76, 77, 78, 79, 80, 81, 82, 83, 84, 85, 86, 87, 90]}}, "classes": {"": {"executed_lines": [], "summary": {"covered_lines": 0, "num_statements": 26, "percent_covered": 0.0, "percent_covered_display": "0.00", "missing_lines": 26, "excluded_lines": 18, "percent_statements_covered": 0.0, "percent_statements_covered_display": "0.00"}, "missing_lines": [1, 2, 3, 6, 7, 23, 24, 25, 26, 27, 28, 29, 31, 32, 35, 36, 39, 42, 45, 48, 51, 54, 57, 60, 63, 66], "excluded_lines": [69, 70, 73, 74, 75, 76, 77, 78, 79, 80, 81, 82, 83, 84, 85, 86, 87, 90]}}}, "py/puzzle.py": {"executed_lines": [], "summary": {"covered_lines": 0, "num_statements": 197, "percent_covered": 0.0, "percent_covered_display": "0.00", "missing_lines": 197, "excluded_lines": 46, "percent_statements_covered": 0.0, "percent_statements_covered_display": "0.00"}, "missing_lines": [1, 2, 5, 10, 11, 12, 14, 18, 20, 21, 22, 28, 33, 34, 37, 44, 45, 46, 47, 48, 49, 50, 51, 53, 54, 56, 57, 60, 74, 75, 76, 77, 78, 81, 82, 84, 86, 87, 89, 91, 92, 97, 99, 103, 104, 106, 107, 108, 109, 111, 114, 125, 127, 129, 133, 134, 135, 136, 137, 138, 140, 146, 148, 149, 150, 152, 153, 155, 160, 161, 163, 164, 165, 166, 167, 169, 171, 176, 179, 180, 182, 183, 184, 185, 186, 187, 190, 191, 192, 195, 196, 198, 199, 200, 202, 204, 205, 207, 213, 224, 225, 227, 233, 234, 235, 238, 239, 240, 241, 242, 243, 245, 246, 247, 248, 251, 252, 253, 256, 257, 258, 261, 262, 263, 264, 265, 266, 267, 268, 269, 270, 271, 272, 275, 300, 301, 303, 304, 306, 307, 309, 310, 311, 312, 313, 314, 315, 316, 317, 318, 319, 358, 359, 360, 361, 363, 365, 366, 367, 368, 369, 370, 371, 372, 373, 374, 375, 376, 377, 378, 379, 380, 381, 382, 383, 384, 385, 386, 387, 388, 389, 390, 391, 392, 394, 395, 396, 397, 398, 399, 400, 401, 402, 403, 404, 405, 407], "excluded_lines": [24, 25, 116, 117, 118, 119, 120, 121, 122, 123, 321, 322, 323, 324, 325, 326, 327, 328, 329, 330, 331, 332, 333, 334, 335, 336, 337, 338, 339, 340, 341, 342, 343, 344, 345, 346, 347, 348, 349, 350, 351, 352, 353, 354, 355, 356], "functions": {"Coordinate.__init__": {"executed_lines": [], "summary": {"covered_lines": 0, "num_statements": 2, "percent_covered": 0.0, "percent_covered_display": "0.00", "missing_lines": 2, "excluded_lines": 0, "percent_statements_covered": 0.0, "percent_statements_covered_display": "0.00"}, "missing_lines": [11, 12], "excluded_lines": []}, "Coordinate.__eq__": {"executed_lines": [], "summary": {"covered_lines": 0, "num_statements": 1, "percent_covered": 0.0, "percent_covered_display": "0.00", "missing_lines": 1, "excluded_lines": 0, "percent_statements_covered": 0.0, "percent_statements_covered_display": "0.00"}, "missing_lines": [18], "excluded_lines": []}, "Coordinate.move": {"executed_lines": [], "summary": {"covered_lines": 0, "num_statements": 2, "percent_covered": 0.0, "percent_covered_display": "0.00", "missing_lines": 2, "excluded_lines": 0, "percent_statements_covered": 0.0, "percent_statements_covered_display": "0.00"}, "missing_lines": [21, 22], "excluded_lines": []}, "Coordinate.__repr__": {"executed_lines": [], "summary": {"covered_lines": 0, "num_statements": 0, "percent_covered": 100.0, "percent_covered_display": "100.00", "missing_lines": 0, "excluded_lines": 1, "percent_statements_covered": 100.0, "percent_statements_covered_display": "100.00"}, "missing_lines": [], "excluded_lines": [25]}, "Vector.__init__": {"executed_lines": [], "summary": {"covered_lines": 0, "num_statements": 1, "percent_covered": 0.0, "percent_covered_display": "0.00", "missing_lines": 1, "excluded_lines": 0, "percent_statements_covered": 0.0, "percent_statements_covered_display": "0.00"}, "missing_lines": [34], "excluded_lines": []}, "Trans.isFront": {"executed_lines": [], "summary": {"covered_lines": 0, "num_statements": 1, "percent_covered": 0.0, "percent_covered_display": "0.00", "missing_lines": 1, "excluded_lines": 0, "percent_statements_covered": 0.0, "percent_statements_covered_display": "0.00"}, "missing_lines": [54], "excluded_lines": []}, "Trans.isBack": {"executed_lines": [], "summary": {"covered_lines": 0, "num_statements": 1, "percent_covered": 0.0, "percent_covered_display": "0.00", "missing_lines": 1, "excluded_lines": 0, "percent_statements_covered": 0.0, "percent_statements_covered_display": "0.00"}, "missing_lines": [57], "excluded_lines": []}, "Piece.__init__": {"executed_lines": [], "summary": {"covered_lines": 0, "num_statements": 10, "percent_covered": 0.0, "percent_covered_display": "0.00", "missing_lines": 10, "excluded_lines": 0, "percent_statements_covered": 0.0, "percent_statements_covered_display": "0.00"}, "missing_lines": [75, 76, 77, 78, 81, 82, 84, 86, 87, 89], "excluded_lines": []}, "Piece.shape": {"executed_lines": [], "summary": {"covered_lines": 0, "num_statements": 1, "percent_covered": 0.0, "percent_covered_display": "0.00", "missing_lines": 1, "excluded_lines": 0, "percent_statements_covered": 0.0, "percent_statements_covered_display": "0.00"}, "missing_lines": [97], "excluded_lines": []}, "Piece._isSymmetric": {"executed_lines": [], "summary": {"covered_lines": 0, "num_statements": 8, "percent_covered": 0.0, "percent_covered_display": "0.00", "missing_lines": 8, "excluded_lines": 0, "percent_statements_covered": 0.0, "percent_statements_covered_display": "0.00"}, "missing_lines": [103, 104, 106, 107, 108, 109, 111, 114], "excluded_lines": []}, "Piece.__repr__": {"executed_lines": [], "summary": {"covered_lines": 0, "num_statements": 0, "percent_covered": 100.0, "percent_covered_display": "100.00", "missing_lines": 0, "excluded_lines": 7, "percent_statements_covered": 100.0, "percent_statements_covered_display": "100.00"}, "missing_lines": [], "excluded_lines": [117, 118, 119, 120, 121, 122, 123]}, "Piece.__len__": {"executed_lines": [], "summary": {"covered_lines": 0, "num_statements": 1, "percent_covered": 0.0, "percent_covered_display": "0.00", "missing_lines": 1, "excluded_lines": 0, "percent_statements_covered": 0.0, "percent_statements_covered_display": "0.00"}, "missing_lines": [127], "excluded_lines": []}, "Piece.__getitem__": {"executed_lines": [], "summary": {"covered_lines": 0, "num_statements": 6, "percent_covered": 0.0, "percent_covered_display": "0.00", "missing_lines": 6, "excluded_lines": 0, "percent_statements_covered": 0.0, "percent_statements_covered_display": "0.00"}, "missing_lines": [133, 134, 135, 136, 137, 138], "excluded_lines": []}, "Piece.__eq__": {"executed_lines": [], "summary": {"covered_lines": 0, "num_statements": 1, "percent_covered": 0.0, "percent_covered_display": "0.00", "missing_lines": 1, "excluded_lines": 0, "percent_statements_covered": 0.0, "percent_statements_covered_display": "0.00"}, "missing_lines": [146], "excluded_lines": []}, "Piece.setOrigin": {"executed_lines": [], "summary": {"covered_lines": 0, "num_statements": 2, "percent_covered": 0.0, "percent_covered_display": "0.00", "missing_lines": 2, "excluded_lines": 0, "percent_statements_covered": 0.0, "percent_statements_covered_display": "0.00"}, "missing_lines": [149, 150], "excluded_lines": []}, "Piece.relevantTrans": {"executed_lines": [], "summary": {"covered_lines": 0, "num_statements": 1, "percent_covered": 0.0, "percent_covered_display": "0.00", "missing_lines": 1, "excluded_lines": 0, "percent_statements_covered": 0.0, "percent_statements_covered_display": "0.00"}, "missing_lines": [153], "excluded_lines": []}, "Piece._listRelevantTransform": {"executed_lines": [], "summary": {"covered_lines": 0, "num_statements": 8, "percent_covered": 0.0, "percent_covered_display": "0.00", "missing_lines": 8, "excluded_lines": 0, "percent_statements_covered": 0.0, "percent_statements_covered_display": "0.00"}, "missing_lines": [160, 161, 163, 164, 165, 166, 167, 169], "excluded_lines": []}, "Piece._get_piece_frame": {"executed_lines": [], "summary": {"covered_lines": 0, "num_statements": 18, "percent_covered": 0.0, "percent_covered_display": "0.00", "missing_lines": 18, "excluded_lines": 0, "percent_statements_covered": 0.0, "percent_statements_covered_display": "0.00"}, "missing_lines": [176, 179, 180, 182, 183, 184, 185, 186, 187, 190, 191, 192, 195, 196, 198, 199, 200, 202], "excluded_lines": []}, "Piece.transform": {"executed_lines": [], "summary": {"covered_lines": 0, "num_statements": 1, "percent_covered": 0.0, "percent_covered_display": "0.00", "missing_lines": 1, "excluded_lines": 0, "percent_statements_covered": 0.0, "percent_statements_covered_display": "0.00"}, "missing_lines": [205], "excluded_lines": []}, "Piece._transform": {"executed_lines": [], "summary": {"covered_lines": 0, "num_statements": 3, "percent_covered": 0.0, "percent_covered_display": "0.00", "missing_lines": 3, "excluded_lines": 0, "percent_statements_covered": 0.0, "percent_statements_covered_display": "0.00"}, "missing_lines": [213, 224, 225], "excluded_lines": []}, "Piece.draw": {"executed_lines": [], "summary": {"covered_lines": 0, "num_statements": 31, "percent_covered": 0.0, "percent_covered_display": "0.00", "missing_lines": 31, "excluded_lines": 0, "percent_statements_covered": 0.0, "percent_statements_covered_display": "0.00"}, "missing_lines": [233, 234, 235, 238, 239, 240, 241, 242, 243, 245, 246, 247, 248, 251, 252, 253, 256, 257, 258, 261, 262, 263, 264, 265, 266, 267, 268, 269, 270, 271, 272], "excluded_lines": []}, "Board.__init__": {"executed_lines": [], "summary": {"covered_lines": 0, "num_statements": 5, "percent_covered": 0.0, "percent_covered_display": "0.00", "missing_lines": 5, "excluded_lines": 0, "percent_statements_covered": 0.0, "percent_statements_covered_display": "0.00"}, "missing_lines": [301, 303, 304, 306, 307], "excluded_lines": []}, "Board._getOrigin": {"executed_lines": [], "summary": {"covered_lines": 0, "num_statements": 10, "percent_covered": 0.0, "percent_covered_display": "0.00", "missing_lines": 10, "excluded_lines": 0, "percent_statements_covered": 0.0, "percent_statements_covered_display": "0.00"}, "missing_lines": [310, 311, 312, 313, 314, 315, 316, 317, 318, 319], "excluded_lines": []}, "Board.__repr__": {"executed_lines": [], "summary": {"covered_lines": 0, "num_statements": 0, "percent_covered": 100.0, "percent_covered_display": "100.00", "missing_lines": 0, "excluded_lines": 35, "percent_statements_covered": 100.0, "percent_statements_covered_display": "100.00"}, "missing_lines": [], "excluded_lines": [322, 323, 324, 325, 326, 327, 328, 329, 330, 331, 332, 333, 334, 335, 336, 337, 338, 339, 340, 341, 342, 343, 344, 345, 346, 347, 348, 349, 350, 351, 352, 353, 354, 355, 356]}, "Board._putPieceSquare": {"executed_lines": [], "summary": {"covered_lines": 0, "num_statements": 4, "percent_covered": 0.0, "percent_covered_display": "0.00", "missing_lines": 4, "excluded_lines": 0, "percent_statements_covered": 0.0, "percent_statements_covered_display": "0.00"}, "missing_lines": [359, 360, 361, 363], "excluded_lines": []}, "Board.putPiece": {"executed_lines": [], "summary": {"covered_lines": 0, "num_statements": 27, "percent_covered": 0.0, "percent_covered_display": "0.00", "missing_lines": 27, "excluded_lines": 0, "percent_statements_covered": 0.0, "percent_statements_covered_display": "0.00"}, "missing_lines": [366, 367, 368, 369, 370, 371, 372, 373, 374, 375, 376, 377, 378, 379, 380, 381, 382, 383, 384, 385, 386, 387, 388, 389, 390, 391, 392], "excluded_lines": []}, "Board.nextAvailablePos": {"executed_lines": [], "summary": {"covered_lines": 0, "num_statements": 12, "percent_covered": 0.0, "percent_covered_display": "0.00", "missing_lines": 12, "excluded_lines": 0, "percent_statements_covered": 0.0, "percent_statements_covered_display": "0.00"}, "missing_lines": [395, 396, 397, 398, 399, 400, 401, 402, 403, 404, 405, 407], "excluded_lines": []}, "": {"executed_lines": [], "summary": {"covered_lines": 0, "num_statements": 40, "percent_covered": 0.0, "percent_covered_display": "0.00", "missing_lines": 40, "excluded_lines": 3, "percent_statements_covered": 0.0, "percent_statements_covered_display": "0.00"}, "missing_lines": [1, 2, 5, 10, 14, 20, 28, 33, 37, 44, 45, 46, 47, 48, 49, 50, 51, 53, 56, 60, 74, 91, 92, 99, 125, 129, 140, 148, 152, 155, 171, 204, 207, 227, 275, 300, 309, 358, 365, 394], "excluded_lines": [24, 116, 321]}}, "classes": {"Coordinate": {"executed_lines": [], "summary": {"covered_lines": 0, "num_statements": 5, "percent_covered": 0.0, "percent_covered_display": "0.00", "missing_lines": 5, "excluded_lines": 1, "percent_statements_covered": 0.0, "percent_statements_covered_display": "0.00"}, "missing_lines": [11, 12, 18, 21, 22], "excluded_lines": [25]}, "Vector": {"executed_lines": [], "summary": {"covered_lines": 0, "num_statements": 1, "percent_covered": 0.0, "percent_covered_display": "0.00", "missing_lines": 1, "excluded_lines": 0, "percent_statements_covered": 0.0, "percent_statements_covered_display": "0.00"}, "missing_lines": [34], "excluded_lines": []}, "Trans": {"executed_lines": [], "summary": {"covered_lines": 0, "num_statements": 2, "percent_covered": 0.0, "percent_covered_display": "0.00", "missing_lines": 2, "excluded_lines": 0, "percent_statements_covered": 0.0, "percent_statements_covered_display": "0.00"}, "missing_lines": [54, 57], "excluded_lines": []}, "Piece": {"executed_lines": [], "summary": {"covered_lines": 0, "num_statements": 91, "percent_covered": 0.0, "percent_covered_display": "0.00", "missing_lines": 91, "excluded_lines": 7, "percent_statements_covered": 0.0, "percent_statements_covered_display": "0.00"}, "missing_lines": [75, 76, 77, 78, 81, 82, 84, 86, 87, 89, 97, 103, 104, 106, 107, 108, 109, 111, 114, 127, 133, 134, 135, 136, 137, 138, 146, 149, 150, 153, 160, 161, 163, 164, 165, 166, 167, 169, 176, 179, 180, 182, 183, 184, 185, 186, 187, 190, 191, 192, 195, 196, 198, 199, 200, 202, 205, 213, 224, 225, 233, 234, 235, 238, 239, 240, 241, 242, 243, 245, 246, 247, 248, 251, 252, 253, 256, 257, 258, 261, 262, 263, 264, 265, 266, 267, 268, 269, 270, 271, 272], "excluded_lines": [117, 118, 119, 120, 121, 122, 123]}, "Board": {"executed_lines": [], "summary": {"covered_lines": 0, "num_statements": 58, "percent_covered": 0.0, "percent_covered_display": "0.00", "missing_lines": 58, "excluded_lines": 35, "percent_statements_covered": 0.0, "percent_statements_covered_display": "0.00"}, "missing_lines": [301, 303, 304, 306, 307, 310, 311, 312, 313, 314, 315, 316, 317, 318, 319, 359, 360, 361, 363, 366, 367, 368, 369, 370, 371, 372, 373, 374, 375, 376, 377, 378, 379, 380, 381, 382, 383, 384, 385, 386, 387, 388, 389, 390, 391, 392, 395, 396, 397, 398, 399, 400, 401, 402, 403, 404, 405, 407], "excluded_lines": [322, 323, 324, 325, 326, 327, 328, 329, 330, 331, 332, 333, 334, 335, 336, 337, 338, 339, 340, 341, 342, 343, 344, 345, 346, 347, 348, 349, 350, 351, 352, 353, 354, 355, 356]}, "": {"executed_lines": [], "summary": {"covered_lines": 0, "num_statements": 40, "percent_covered": 0.0, "percent_covered_display": "0.00", "missing_lines": 40, "excluded_lines": 3, "percent_statements_covered": 0.0, "percent_statements_covered_display": "0.00"}, "missing_lines": [1, 2, 5, 10, 14, 20, 28, 33, 37, 44, 45, 46, 47, 48, 49, 50, 51, 53, 56, 60, 74, 91, 92, 99, 125, 129, 140, 148, 152, 155, 171, 204, 207, 227, 275, 300, 309, 358, 365, 394], "excluded_lines": [24, 116, 321]}}}, "py/solver.py": {"executed_lines": [], "summary": {"covered_lines": 0, "num_statements": 54, "percent_covered": 0.0, "percent_covered_display": "0.00", "missing_lines": 54, "excluded_lines": 0, "percent_statements_covered": 0.0, "percent_statements_covered_display": "0.00"}, "missing_lines": [1, 2, 3, 6, 24, 25, 26, 27, 28, 29, 30, 31, 32, 33, 35, 36, 37, 38, 39, 40, 41, 43, 44, 45, 46, 47, 48, 49, 50, 51, 52, 53, 54, 55, 56, 75, 77, 82, 83, 84, 85, 86, 87, 88, 89, 90, 91, 93, 94, 101, 102, 103, 104, 105], "excluded_lines": [], "functions": {"PuzzleSolver.__init__": {"executed_lines": [], "summary": {"covered_lines": 0, "num_statements": 9, "percent_covered": 0.0, "percent_covered_display": "0.00", "missing_lines": 9, "excluded_lines": 0, "percent_statements_covered": 0.0, "percent_statements_covered_display": "0.00"}, "missing_lines": [25, 26, 27, 28, 29, 30, 31, 32, 33], "excluded_lines": []}, "PuzzleSolver.solve": {"executed_lines": [], "summary": {"covered_lines": 0, "num_statements": 6, "percent_covered": 0.0, "percent_covered_display": "0.00", "missing_lines": 6, "excluded_lines": 0, "percent_statements_covered": 0.0, "percent_statements_covered_display": "0.00"}, "missing_lines": [36, 37, 38, 39, 40, 41], "excluded_lines": []}, "PuzzleSolver._solve": {"executed_lines": [], "summary": {"covered_lines": 0, "num_statements": 32, "percent_covered": 0.0, "percent_covered_display": "0.00", "missing_lines": 32, "excluded_lines": 0, "percent_statements_covered": 0.0, "percent_statements_covered_display": "0.00"}, "missing_lines": [44, 45, 46, 47, 48, 49, 50, 51, 52, 53, 54, 55, 56, 75, 77, 82, 83, 84, 85, 86, 87, 88, 89, 90, 91, 93, 94, 101, 102, 103, 104, 105], "excluded_lines": []}, "": {"executed_lines": [], "summary": {"covered_lines": 0, "num_statements": 7, "percent_covered": 0.0, "percent_covered_display": "0.00", "missing_lines": 7, "excluded_lines": 0, "percent_statements_covered": 0.0, "percent_statements_covered_display": "0.00"}, "missing_lines": [1, 2, 3, 6, 24, 35, 43], "excluded_lines": []}}, "classes": {"PuzzleSolver": {"executed_lines": [], "summary": {"covered_lines": 0, "num_statements": 47, "percent_covered": 0.0, "percent_covered_display": "0.00", "missing_lines": 47, "excluded_lines": 0, "percent_statements_covered": 0.0, "percent_statements_covered_display": "0.00"}, "missing_lines": [25, 26, 27, 28, 29, 30, 31, 32, 33, 36, 37, 38, 39, 40, 41, 44, 45, 46, 47, 48, 49, 50, 51, 52, 53, 54, 55, 56, 75, 77, 82, 83, 84, 85, 86, 87, 88, 89, 90, 91, 93, 94, 101, 102, 103, 104, 105], "excluded_lines": []}, "": {"executed_lines": [], "summary": {"covered_lines": 0, "num_statements": 7, "percent_covered": 0.0, "percent_covered_display": "0.00", "missing_lines": 7, "excluded_lines": 0, "percent_statements_covered": 0.0, "percent_statements_covered_display": "0.00"}, "missing_lines": [1, 2, 3, 6, 24, 35, 43], "excluded_lines": []}}}}, "totals": {"covered_lines": 0, "num_statements": 788, "percent_covered": 0.0, "percent_covered_display": "0.00", "missing_lines": 788, "excluded_lines": 123, "percent_statements_covered": 0.0, "percent_statements_covered_display": "0.00"}}